c:\users\marko\desktop\opengllearning\learnopengl\learnopenglproject\learnopenglproject\x64\release\vc142.pdb
c:\users\marko\desktop\opengllearning\learnopengl\learnopenglproject\learnopenglproject\x64\release\stb_image.obj
c:\users\marko\desktop\opengllearning\learnopengl\learnopenglproject\learnopenglproject\x64\release\glm.obj
c:\users\marko\desktop\opengllearning\learnopengl\learnopenglproject\learnopenglproject\x64\release\shader.obj
c:\users\marko\desktop\opengllearning\learnopengl\learnopenglproject\learnopenglproject\x64\release\modelloading.obj
c:\users\marko\desktop\opengllearning\learnopengl\learnopenglproject\learnopenglproject\x64\release\depthtesting.obj
c:\users\marko\desktop\opengllearning\learnopengl\learnopenglproject\learnopenglproject\x64\release\stenciloutline.obj
c:\users\marko\desktop\opengllearning\learnopengl\learnopenglproject\learnopenglproject\x64\release\framebuffer.obj
c:\users\marko\desktop\opengllearning\learnopengl\learnopenglproject\learnopenglproject\x64\release\modelloadingassasin.obj
c:\users\marko\desktop\opengllearning\learnopengl\learnopenglproject\learnopenglproject\x64\release\modelviewer.obj
c:\users\marko\desktop\opengllearning\learnopengl\learnopenglproject\learnopenglproject\x64\release\glad.obj
c:\users\marko\desktop\opengllearning\learnopengl\learnopenglproject\learnopenglproject\x64\release\geometryshaders.obj
c:\users\marko\desktop\opengllearning\learnopengl\learnopenglproject\learnopenglproject\x64\release\geometryexploding.obj
c:\users\marko\desktop\opengllearning\learnopengl\learnopenglproject\learnopenglproject\x64\release\geometryvisualizenormals.obj
c:\users\marko\desktop\opengllearning\learnopengl\learnopenglproject\learnopenglproject\x64\release\instancingtest.obj
c:\users\marko\desktop\opengllearning\learnopengl\learnopenglproject\learnopenglproject\x64\release\instancedarrays.obj
c:\users\marko\desktop\opengllearning\learnopengl\learnopenglproject\learnopenglproject\x64\release\asteroidsnoninstanced.obj
c:\users\marko\desktop\opengllearning\learnopengl\learnopenglproject\learnopenglproject\x64\release\asteroidsinstanced.obj
c:\users\marko\desktop\opengllearning\learnopengl\learnopenglproject\learnopenglproject\x64\release\msaadefault.obj
c:\users\marko\desktop\opengllearning\learnopengl\learnopenglproject\learnopenglproject\x64\release\modelloadingassasinnormals.obj
c:\users\marko\desktop\opengllearning\learnopengl\learnopenglproject\learnopenglproject\x64\release\parallaxmapping.obj
c:\users\marko\desktop\opengllearning\learnopengl\learnopenglproject\learnopenglproject\x64\release\lighting.obj
c:\users\marko\desktop\opengllearning\learnopengl\learnopenglproject\learnopenglproject\x64\release\tonemappinghdr.obj
c:\users\marko\desktop\opengllearning\learnopengl\learnopenglproject\learnopenglproject\x64\release\textureloader.obj
c:\users\marko\desktop\opengllearning\learnopengl\learnopenglproject\learnopenglproject\x64\release\renderutils.obj
c:\users\marko\desktop\opengllearning\learnopengl\learnopenglproject\learnopenglproject\x64\release\examplerunner.obj
c:\users\marko\desktop\opengllearning\learnopengl\learnopenglproject\learnopenglproject\x64\release\tonemappinghdrexample.obj
c:\users\marko\desktop\opengllearning\learnopengl\learnopenglproject\learnopenglproject\x64\release\shadowsbasic.obj
c:\users\marko\desktop\opengllearning\learnopengl\learnopenglproject\x64\release\learnopenglproject.exe
c:\users\marko\desktop\opengllearning\learnopengl\learnopenglproject\learnopenglproject\x64\release\learnopenglproject.ipdb
c:\users\marko\desktop\opengllearning\learnopengl\learnopenglproject\learnopenglproject\x64\release\learnopenglproject.iobj
c:\users\marko\desktop\opengllearning\learnopengl\learnopenglproject\x64\release\learnopenglproject.pdb
c:\users\marko\desktop\opengllearning\learnopengl\learnopenglproject\learnopenglproject\x64\release\assimp-vc142-mt.pdb
c:\users\marko\desktop\opengllearning\learnopengl\learnopenglproject\learnopenglproject\x64\release\learnope.36f9e95f.tlog\cl.command.1.tlog
c:\users\marko\desktop\opengllearning\learnopengl\learnopenglproject\learnopenglproject\x64\release\learnope.36f9e95f.tlog\cl.read.1.tlog
c:\users\marko\desktop\opengllearning\learnopengl\learnopenglproject\learnopenglproject\x64\release\learnope.36f9e95f.tlog\cl.write.1.tlog
c:\users\marko\desktop\opengllearning\learnopengl\learnopenglproject\learnopenglproject\x64\release\learnope.36f9e95f.tlog\link.command.1.tlog
c:\users\marko\desktop\opengllearning\learnopengl\learnopenglproject\learnopenglproject\x64\release\learnope.36f9e95f.tlog\link.read.1.tlog
c:\users\marko\desktop\opengllearning\learnopengl\learnopenglproject\learnopenglproject\x64\release\learnope.36f9e95f.tlog\link.write.1.tlog
